<?xml version="1.0" encoding="UTF-8"?>
<!-- Generated by org.testng.reporters.JUnitReportReporter -->
<testsuite hostname="LAPTOP-JEI8AS0O" name="testngpackage.TestOne" tests="3" failures="0" timestamp="29 Jul 2018 18:05:18 GMT" time="19.331" errors="0">
  <testcase name="testOne" time="7.741" classname="testngpackage.TestOne"/>
  <testcase name="testThree" time="7.258" classname="testngpackage.TestOne"/>
  <testcase name="testTwo" time="4.332" classname="testngpackage.TestOne"/>
</testsuite> <!-- testngpackage.TestOne -->
